Determining if the pthread_create exist failed with the following output:
Change Dir: /home/rsldemo/demobot/build/CMakeFiles/CMakeTmp

Run Build Command:/usr/bin/make "cmTryCompileExec806641200/fast"
/usr/bin/make -f CMakeFiles/cmTryCompileExec806641200.dir/build.make CMakeFiles/cmTryCompileExec806641200.dir/build
make[1]: Entering directory `/home/rsldemo/demobot/build/CMakeFiles/CMakeTmp'
/usr/bin/cmake -E cmake_progress_report /home/rsldemo/demobot/build/CMakeFiles/CMakeTmp/CMakeFiles 1
Building C object CMakeFiles/cmTryCompileExec806641200.dir/CheckSymbolExists.c.o
/usr/bin/cc    -o CMakeFiles/cmTryCompileExec806641200.dir/CheckSymbolExists.c.o   -c /home/rsldemo/demobot/build/CMakeFiles/CMakeTmp/CheckSymbolExists.c
Linking C executable cmTryCompileExec806641200
/usr/bin/cmake -E cmake_link_script CMakeFiles/cmTryCompileExec806641200.dir/link.txt --verbose=1
/usr/bin/cc       CMakeFiles/cmTryCompileExec806641200.dir/CheckSymbolExists.c.o  -o cmTryCompileExec806641200 -rdynamic 
CMakeFiles/cmTryCompileExec806641200.dir/CheckSymbolExists.c.o: In function `main':
CheckSymbolExists.c:(.text+0x16): undefined reference to `pthread_create'
collect2: error: ld returned 1 exit status
make[1]: Leaving directory `/home/rsldemo/demobot/build/CMakeFiles/CMakeTmp'
make[1]: *** [cmTryCompileExec806641200] Error 1
make: *** [cmTryCompileExec806641200/fast] Error 2

File /home/rsldemo/demobot/build/CMakeFiles/CMakeTmp/CheckSymbolExists.c:
/* */
#include <pthread.h>

int main(int argc, char** argv)
{
  (void)argv;
#ifndef pthread_create
  return ((int*)(&pthread_create))[argc];
#else
  (void)argc;
  return 0;
#endif
}

Determining if the function pthread_create exists in the pthreads failed with the following output:
Change Dir: /home/rsldemo/demobot/build/CMakeFiles/CMakeTmp

Run Build Command:/usr/bin/make "cmTryCompileExec3772448799/fast"
/usr/bin/make -f CMakeFiles/cmTryCompileExec3772448799.dir/build.make CMakeFiles/cmTryCompileExec3772448799.dir/build
make[1]: Entering directory `/home/rsldemo/demobot/build/CMakeFiles/CMakeTmp'
/usr/bin/cmake -E cmake_progress_report /home/rsldemo/demobot/build/CMakeFiles/CMakeTmp/CMakeFiles 1
Building C object CMakeFiles/cmTryCompileExec3772448799.dir/CheckFunctionExists.c.o
/usr/bin/cc   -DCHECK_FUNCTION_EXISTS=pthread_create   -o CMakeFiles/cmTryCompileExec3772448799.dir/CheckFunctionExists.c.o   -c /usr/share/cmake-2.8/Modules/CheckFunctionExists.c
Linking C executable cmTryCompileExec3772448799
/usr/bin/cmake -E cmake_link_script CMakeFiles/cmTryCompileExec3772448799.dir/link.txt --verbose=1
/usr/bin/cc   -DCHECK_FUNCTION_EXISTS=pthread_create    CMakeFiles/cmTryCompileExec3772448799.dir/CheckFunctionExists.c.o  -o cmTryCompileExec3772448799 -rdynamic -lpthreads 
/usr/bin/ld: cannot find -lpthreads
collect2: error: ld returned 1 exit status
make[1]: Leaving directory `/home/rsldemo/demobot/build/CMakeFiles/CMakeTmp'
make[1]: *** [cmTryCompileExec3772448799] Error 1
make: *** [cmTryCompileExec3772448799/fast] Error 2


